Performing C SOURCE FILE Test HAVE_GCC_WDOCUMENTATION failed with the following output:
Change Dir: /home/srenaud/Documents/gam_DL/sdl3-game/build/CMakeFiles/CMakeTmp

Run Build Command(s):/usr/bin/gmake -f Makefile cmTC_8391c/fast && /usr/bin/gmake  -f CMakeFiles/cmTC_8391c.dir/build.make CMakeFiles/cmTC_8391c.dir/build
gmake[1]: Entering directory '/home/srenaud/Documents/gam_DL/sdl3-game/build/CMakeFiles/CMakeTmp'
Building C object CMakeFiles/cmTC_8391c.dir/src.c.o
/usr/bin/cc -DHAVE_GCC_WDOCUMENTATION  -D_GNU_SOURCE=1   -Wdocumentation -std=gnu11 -o CMakeFiles/cmTC_8391c.dir/src.c.o -c /home/srenaud/Documents/gam_DL/sdl3-game/build/CMakeFiles/CMakeTmp/src.c
cc: error: unrecognized command-line option '-Wdocumentation'
gmake[1]: *** [CMakeFiles/cmTC_8391c.dir/build.make:78: CMakeFiles/cmTC_8391c.dir/src.c.o] Error 1
gmake[1]: Leaving directory '/home/srenaud/Documents/gam_DL/sdl3-game/build/CMakeFiles/CMakeTmp'
gmake: *** [Makefile:127: cmTC_8391c/fast] Error 2


Source file was:
int main(void) { return 0; }
Performing C SOURCE FILE Test HAVE_GCC_WDOCUMENTATION_UNKNOWN_COMMAND failed with the following output:
Change Dir: /home/srenaud/Documents/gam_DL/sdl3-game/build/CMakeFiles/CMakeTmp

Run Build Command(s):/usr/bin/gmake -f Makefile cmTC_19180/fast && /usr/bin/gmake  -f CMakeFiles/cmTC_19180.dir/build.make CMakeFiles/cmTC_19180.dir/build
gmake[1]: Entering directory '/home/srenaud/Documents/gam_DL/sdl3-game/build/CMakeFiles/CMakeTmp'
Building C object CMakeFiles/cmTC_19180.dir/src.c.o
/usr/bin/cc -DHAVE_GCC_WDOCUMENTATION_UNKNOWN_COMMAND  -D_GNU_SOURCE=1   -Wdocumentation-unknown-command -std=gnu11 -o CMakeFiles/cmTC_19180.dir/src.c.o -c /home/srenaud/Documents/gam_DL/sdl3-game/build/CMakeFiles/CMakeTmp/src.c
cc: error: unrecognized command-line option '-Wdocumentation-unknown-command'
gmake[1]: *** [CMakeFiles/cmTC_19180.dir/build.make:78: CMakeFiles/cmTC_19180.dir/src.c.o] Error 1
gmake[1]: Leaving directory '/home/srenaud/Documents/gam_DL/sdl3-game/build/CMakeFiles/CMakeTmp'
gmake: *** [Makefile:127: cmTC_19180/fast] Error 2


Source file was:
int main(void) { return 0; }
Performing C SOURCE FILE Test HAVE_GCC_COMMENT_BLOCK_COMMANDS failed with the following output:
Change Dir: /home/srenaud/Documents/gam_DL/sdl3-game/build/CMakeFiles/CMakeTmp

Run Build Command(s):/usr/bin/gmake -f Makefile cmTC_bdcd3/fast && /usr/bin/gmake  -f CMakeFiles/cmTC_bdcd3.dir/build.make CMakeFiles/cmTC_bdcd3.dir/build
gmake[1]: Entering directory '/home/srenaud/Documents/gam_DL/sdl3-game/build/CMakeFiles/CMakeTmp'
Building C object CMakeFiles/cmTC_bdcd3.dir/src.c.o
/usr/bin/cc -DHAVE_GCC_COMMENT_BLOCK_COMMANDS  -D_GNU_SOURCE=1   -fcomment-block-commands=threadsafety -std=gnu11 -o CMakeFiles/cmTC_bdcd3.dir/src.c.o -c /home/srenaud/Documents/gam_DL/sdl3-game/build/CMakeFiles/CMakeTmp/src.c
cc: error: unrecognized command-line option '-fcomment-block-commands=threadsafety'
gmake[1]: *** [CMakeFiles/cmTC_bdcd3.dir/build.make:78: CMakeFiles/cmTC_bdcd3.dir/src.c.o] Error 1
gmake[1]: Leaving directory '/home/srenaud/Documents/gam_DL/sdl3-game/build/CMakeFiles/CMakeTmp'
gmake: *** [Makefile:127: cmTC_bdcd3/fast] Error 2


Source file was:
int main(void) { return 0; }
Performing C SOURCE FILE Test HAVE_CLANG_COMMENT_BLOCK_COMMANDS failed with the following output:
Change Dir: /home/srenaud/Documents/gam_DL/sdl3-game/build/CMakeFiles/CMakeTmp

Run Build Command(s):/usr/bin/gmake -f Makefile cmTC_7f14d/fast && /usr/bin/gmake  -f CMakeFiles/cmTC_7f14d.dir/build.make CMakeFiles/cmTC_7f14d.dir/build
gmake[1]: Entering directory '/home/srenaud/Documents/gam_DL/sdl3-game/build/CMakeFiles/CMakeTmp'
Building C object CMakeFiles/cmTC_7f14d.dir/src.c.o
/usr/bin/cc -DHAVE_CLANG_COMMENT_BLOCK_COMMANDS  -D_GNU_SOURCE=1   /clang:-fcomment-block-commands=threadsafety -std=gnu11 -o CMakeFiles/cmTC_7f14d.dir/src.c.o -c /home/srenaud/Documents/gam_DL/sdl3-game/build/CMakeFiles/CMakeTmp/src.c
cc: warning: /clang:-fcomment-block-commands=threadsafety: linker input file unused because linking not done
cc: error: /clang:-fcomment-block-commands=threadsafety: linker input file not found: No such file or directory
gmake[1]: *** [CMakeFiles/cmTC_7f14d.dir/build.make:78: CMakeFiles/cmTC_7f14d.dir/src.c.o] Error 1
gmake[1]: *** Deleting file 'CMakeFiles/cmTC_7f14d.dir/src.c.o'
gmake[1]: Leaving directory '/home/srenaud/Documents/gam_DL/sdl3-game/build/CMakeFiles/CMakeTmp'
gmake: *** [Makefile:127: cmTC_7f14d/fast] Error 2


Source file was:
int main(void) { return 0; }
Determining if the _i64toa exist failed with the following output:
Change Dir: /home/srenaud/Documents/gam_DL/sdl3-game/build/CMakeFiles/CMakeTmp

Run Build Command(s):/usr/bin/gmake -f Makefile cmTC_3dc38/fast && /usr/bin/gmake  -f CMakeFiles/cmTC_3dc38.dir/build.make CMakeFiles/cmTC_3dc38.dir/build
gmake[1]: Entering directory '/home/srenaud/Documents/gam_DL/sdl3-game/build/CMakeFiles/CMakeTmp'
Building C object CMakeFiles/cmTC_3dc38.dir/CheckSymbolExists.c.o
/usr/bin/cc   -D_GNU_SOURCE=1 -std=gnu11 -o CMakeFiles/cmTC_3dc38.dir/CheckSymbolExists.c.o -c /home/srenaud/Documents/gam_DL/sdl3-game/build/CMakeFiles/CMakeTmp/CheckSymbolExists.c
/home/srenaud/Documents/gam_DL/sdl3-game/build/CMakeFiles/CMakeTmp/CheckSymbolExists.c: In function ‘main’:
/home/srenaud/Documents/gam_DL/sdl3-game/build/CMakeFiles/CMakeTmp/CheckSymbolExists.c:26:19: error: ‘_i64toa’ undeclared (first use in this function)
   26 |   return ((int*)(&_i64toa))[argc];
      |                   ^~~~~~~
/home/srenaud/Documents/gam_DL/sdl3-game/build/CMakeFiles/CMakeTmp/CheckSymbolExists.c:26:19: note: each undeclared identifier is reported only once for each function it appears in
gmake[1]: *** [CMakeFiles/cmTC_3dc38.dir/build.make:78: CMakeFiles/cmTC_3dc38.dir/CheckSymbolExists.c.o] Error 1
gmake[1]: Leaving directory '/home/srenaud/Documents/gam_DL/sdl3-game/build/CMakeFiles/CMakeTmp'
gmake: *** [Makefile:127: cmTC_3dc38/fast] Error 2


File /home/srenaud/Documents/gam_DL/sdl3-game/build/CMakeFiles/CMakeTmp/CheckSymbolExists.c:
/* */
#include <float.h>
#include <iconv.h>
#include <inttypes.h>
#include <limits.h>
#include <malloc.h>
#include <math.h>
#include <memory.h>
#include <signal.h>
#include <stdarg.h>
#include <stdbool.h>
#include <stddef.h>
#include <stdint.h>
#include <stdio.h>
#include <stdlib.h>
#include <string.h>
#include <strings.h>
#include <sys/types.h>
#include <time.h>
#include <wchar.h>

int main(int argc, char** argv)
{
  (void)argv;
#ifndef _i64toa
  return ((int*)(&_i64toa))[argc];
#else
  (void)argc;
  return 0;
#endif
}
Determining if the itoa exist failed with the following output:
Change Dir: /home/srenaud/Documents/gam_DL/sdl3-game/build/CMakeFiles/CMakeTmp

Run Build Command(s):/usr/bin/gmake -f Makefile cmTC_e8bc0/fast && /usr/bin/gmake  -f CMakeFiles/cmTC_e8bc0.dir/build.make CMakeFiles/cmTC_e8bc0.dir/build
gmake[1]: Entering directory '/home/srenaud/Documents/gam_DL/sdl3-game/build/CMakeFiles/CMakeTmp'
Building C object CMakeFiles/cmTC_e8bc0.dir/CheckSymbolExists.c.o
/usr/bin/cc   -D_GNU_SOURCE=1 -std=gnu11 -o CMakeFiles/cmTC_e8bc0.dir/CheckSymbolExists.c.o -c /home/srenaud/Documents/gam_DL/sdl3-game/build/CMakeFiles/CMakeTmp/CheckSymbolExists.c
/home/srenaud/Documents/gam_DL/sdl3-game/build/CMakeFiles/CMakeTmp/CheckSymbolExists.c: In function ‘main’:
/home/srenaud/Documents/gam_DL/sdl3-game/build/CMakeFiles/CMakeTmp/CheckSymbolExists.c:26:19: error: ‘itoa’ undeclared (first use in this function)
   26 |   return ((int*)(&itoa))[argc];
      |                   ^~~~
/home/srenaud/Documents/gam_DL/sdl3-game/build/CMakeFiles/CMakeTmp/CheckSymbolExists.c:26:19: note: each undeclared identifier is reported only once for each function it appears in
gmake[1]: *** [CMakeFiles/cmTC_e8bc0.dir/build.make:78: CMakeFiles/cmTC_e8bc0.dir/CheckSymbolExists.c.o] Error 1
gmake[1]: Leaving directory '/home/srenaud/Documents/gam_DL/sdl3-game/build/CMakeFiles/CMakeTmp'
gmake: *** [Makefile:127: cmTC_e8bc0/fast] Error 2


File /home/srenaud/Documents/gam_DL/sdl3-game/build/CMakeFiles/CMakeTmp/CheckSymbolExists.c:
/* */
#include <float.h>
#include <iconv.h>
#include <inttypes.h>
#include <limits.h>
#include <malloc.h>
#include <math.h>
#include <memory.h>
#include <signal.h>
#include <stdarg.h>
#include <stdbool.h>
#include <stddef.h>
#include <stdint.h>
#include <stdio.h>
#include <stdlib.h>
#include <string.h>
#include <strings.h>
#include <sys/types.h>
#include <time.h>
#include <wchar.h>

int main(int argc, char** argv)
{
  (void)argv;
#ifndef itoa
  return ((int*)(&itoa))[argc];
#else
  (void)argc;
  return 0;
#endif
}
Determining if the _ltoa exist failed with the following output:
Change Dir: /home/srenaud/Documents/gam_DL/sdl3-game/build/CMakeFiles/CMakeTmp

Run Build Command(s):/usr/bin/gmake -f Makefile cmTC_234be/fast && /usr/bin/gmake  -f CMakeFiles/cmTC_234be.dir/build.make CMakeFiles/cmTC_234be.dir/build
gmake[1]: Entering directory '/home/srenaud/Documents/gam_DL/sdl3-game/build/CMakeFiles/CMakeTmp'
Building C object CMakeFiles/cmTC_234be.dir/CheckSymbolExists.c.o
/usr/bin/cc   -D_GNU_SOURCE=1 -std=gnu11 -o CMakeFiles/cmTC_234be.dir/CheckSymbolExists.c.o -c /home/srenaud/Documents/gam_DL/sdl3-game/build/CMakeFiles/CMakeTmp/CheckSymbolExists.c
/home/srenaud/Documents/gam_DL/sdl3-game/build/CMakeFiles/CMakeTmp/CheckSymbolExists.c: In function ‘main’:
/home/srenaud/Documents/gam_DL/sdl3-game/build/CMakeFiles/CMakeTmp/CheckSymbolExists.c:26:19: error: ‘_ltoa’ undeclared (first use in this function)
   26 |   return ((int*)(&_ltoa))[argc];
      |                   ^~~~~
/home/srenaud/Documents/gam_DL/sdl3-game/build/CMakeFiles/CMakeTmp/CheckSymbolExists.c:26:19: note: each undeclared identifier is reported only once for each function it appears in
gmake[1]: *** [CMakeFiles/cmTC_234be.dir/build.make:78: CMakeFiles/cmTC_234be.dir/CheckSymbolExists.c.o] Error 1
gmake[1]: Leaving directory '/home/srenaud/Documents/gam_DL/sdl3-game/build/CMakeFiles/CMakeTmp'
gmake: *** [Makefile:127: cmTC_234be/fast] Error 2


File /home/srenaud/Documents/gam_DL/sdl3-game/build/CMakeFiles/CMakeTmp/CheckSymbolExists.c:
/* */
#include <float.h>
#include <iconv.h>
#include <inttypes.h>
#include <limits.h>
#include <malloc.h>
#include <math.h>
#include <memory.h>
#include <signal.h>
#include <stdarg.h>
#include <stdbool.h>
#include <stddef.h>
#include <stdint.h>
#include <stdio.h>
#include <stdlib.h>
#include <string.h>
#include <strings.h>
#include <sys/types.h>
#include <time.h>
#include <wchar.h>

int main(int argc, char** argv)
{
  (void)argv;
#ifndef _ltoa
  return ((int*)(&_ltoa))[argc];
#else
  (void)argc;
  return 0;
#endif
}
Determining if the sqr exist failed with the following output:
Change Dir: /home/srenaud/Documents/gam_DL/sdl3-game/build/CMakeFiles/CMakeTmp

Run Build Command(s):/usr/bin/gmake -f Makefile cmTC_64ff8/fast && /usr/bin/gmake  -f CMakeFiles/cmTC_64ff8.dir/build.make CMakeFiles/cmTC_64ff8.dir/build
gmake[1]: Entering directory '/home/srenaud/Documents/gam_DL/sdl3-game/build/CMakeFiles/CMakeTmp'
Building C object CMakeFiles/cmTC_64ff8.dir/CheckSymbolExists.c.o
/usr/bin/cc   -D_GNU_SOURCE=1 -std=gnu11 -o CMakeFiles/cmTC_64ff8.dir/CheckSymbolExists.c.o -c /home/srenaud/Documents/gam_DL/sdl3-game/build/CMakeFiles/CMakeTmp/CheckSymbolExists.c
/home/srenaud/Documents/gam_DL/sdl3-game/build/CMakeFiles/CMakeTmp/CheckSymbolExists.c: In function ‘main’:
/home/srenaud/Documents/gam_DL/sdl3-game/build/CMakeFiles/CMakeTmp/CheckSymbolExists.c:26:19: error: ‘sqr’ undeclared (first use in this function); did you mean ‘sqrt’?
   26 |   return ((int*)(&sqr))[argc];
      |                   ^~~
      |                   sqrt
/home/srenaud/Documents/gam_DL/sdl3-game/build/CMakeFiles/CMakeTmp/CheckSymbolExists.c:26:19: note: each undeclared identifier is reported only once for each function it appears in
gmake[1]: *** [CMakeFiles/cmTC_64ff8.dir/build.make:78: CMakeFiles/cmTC_64ff8.dir/CheckSymbolExists.c.o] Error 1
gmake[1]: Leaving directory '/home/srenaud/Documents/gam_DL/sdl3-game/build/CMakeFiles/CMakeTmp'
gmake: *** [Makefile:127: cmTC_64ff8/fast] Error 2


File /home/srenaud/Documents/gam_DL/sdl3-game/build/CMakeFiles/CMakeTmp/CheckSymbolExists.c:
/* */
#include <float.h>
#include <iconv.h>
#include <inttypes.h>
#include <limits.h>
#include <malloc.h>
#include <math.h>
#include <memory.h>
#include <signal.h>
#include <stdarg.h>
#include <stdbool.h>
#include <stddef.h>
#include <stdint.h>
#include <stdio.h>
#include <stdlib.h>
#include <string.h>
#include <strings.h>
#include <sys/types.h>
#include <time.h>
#include <wchar.h>

int main(int argc, char** argv)
{
  (void)argv;
#ifndef sqr
  return ((int*)(&sqr))[argc];
#else
  (void)argc;
  return 0;
#endif
}
Determining if the strlcat exist failed with the following output:
Change Dir: /home/srenaud/Documents/gam_DL/sdl3-game/build/CMakeFiles/CMakeTmp

Run Build Command(s):/usr/bin/gmake -f Makefile cmTC_424bb/fast && /usr/bin/gmake  -f CMakeFiles/cmTC_424bb.dir/build.make CMakeFiles/cmTC_424bb.dir/build
gmake[1]: Entering directory '/home/srenaud/Documents/gam_DL/sdl3-game/build/CMakeFiles/CMakeTmp'
Building C object CMakeFiles/cmTC_424bb.dir/CheckSymbolExists.c.o
/usr/bin/cc   -D_GNU_SOURCE=1 -std=gnu11 -o CMakeFiles/cmTC_424bb.dir/CheckSymbolExists.c.o -c /home/srenaud/Documents/gam_DL/sdl3-game/build/CMakeFiles/CMakeTmp/CheckSymbolExists.c
/home/srenaud/Documents/gam_DL/sdl3-game/build/CMakeFiles/CMakeTmp/CheckSymbolExists.c: In function ‘main’:
/home/srenaud/Documents/gam_DL/sdl3-game/build/CMakeFiles/CMakeTmp/CheckSymbolExists.c:26:19: error: ‘strlcat’ undeclared (first use in this function); did you mean ‘strncat’?
   26 |   return ((int*)(&strlcat))[argc];
      |                   ^~~~~~~
      |                   strncat
/home/srenaud/Documents/gam_DL/sdl3-game/build/CMakeFiles/CMakeTmp/CheckSymbolExists.c:26:19: note: each undeclared identifier is reported only once for each function it appears in
gmake[1]: *** [CMakeFiles/cmTC_424bb.dir/build.make:78: CMakeFiles/cmTC_424bb.dir/CheckSymbolExists.c.o] Error 1
gmake[1]: Leaving directory '/home/srenaud/Documents/gam_DL/sdl3-game/build/CMakeFiles/CMakeTmp'
gmake: *** [Makefile:127: cmTC_424bb/fast] Error 2


File /home/srenaud/Documents/gam_DL/sdl3-game/build/CMakeFiles/CMakeTmp/CheckSymbolExists.c:
/* */
#include <float.h>
#include <iconv.h>
#include <inttypes.h>
#include <limits.h>
#include <malloc.h>
#include <math.h>
#include <memory.h>
#include <signal.h>
#include <stdarg.h>
#include <stdbool.h>
#include <stddef.h>
#include <stdint.h>
#include <stdio.h>
#include <stdlib.h>
#include <string.h>
#include <strings.h>
#include <sys/types.h>
#include <time.h>
#include <wchar.h>

int main(int argc, char** argv)
{
  (void)argv;
#ifndef strlcat
  return ((int*)(&strlcat))[argc];
#else
  (void)argc;
  return 0;
#endif
}
Determining if the strlcpy exist failed with the following output:
Change Dir: /home/srenaud/Documents/gam_DL/sdl3-game/build/CMakeFiles/CMakeTmp

Run Build Command(s):/usr/bin/gmake -f Makefile cmTC_8311d/fast && /usr/bin/gmake  -f CMakeFiles/cmTC_8311d.dir/build.make CMakeFiles/cmTC_8311d.dir/build
gmake[1]: Entering directory '/home/srenaud/Documents/gam_DL/sdl3-game/build/CMakeFiles/CMakeTmp'
Building C object CMakeFiles/cmTC_8311d.dir/CheckSymbolExists.c.o
/usr/bin/cc   -D_GNU_SOURCE=1 -std=gnu11 -o CMakeFiles/cmTC_8311d.dir/CheckSymbolExists.c.o -c /home/srenaud/Documents/gam_DL/sdl3-game/build/CMakeFiles/CMakeTmp/CheckSymbolExists.c
/home/srenaud/Documents/gam_DL/sdl3-game/build/CMakeFiles/CMakeTmp/CheckSymbolExists.c: In function ‘main’:
/home/srenaud/Documents/gam_DL/sdl3-game/build/CMakeFiles/CMakeTmp/CheckSymbolExists.c:26:19: error: ‘strlcpy’ undeclared (first use in this function); did you mean ‘strncpy’?
   26 |   return ((int*)(&strlcpy))[argc];
      |                   ^~~~~~~
      |                   strncpy
/home/srenaud/Documents/gam_DL/sdl3-game/build/CMakeFiles/CMakeTmp/CheckSymbolExists.c:26:19: note: each undeclared identifier is reported only once for each function it appears in
gmake[1]: *** [CMakeFiles/cmTC_8311d.dir/build.make:78: CMakeFiles/cmTC_8311d.dir/CheckSymbolExists.c.o] Error 1
gmake[1]: Leaving directory '/home/srenaud/Documents/gam_DL/sdl3-game/build/CMakeFiles/CMakeTmp'
gmake: *** [Makefile:127: cmTC_8311d/fast] Error 2


File /home/srenaud/Documents/gam_DL/sdl3-game/build/CMakeFiles/CMakeTmp/CheckSymbolExists.c:
/* */
#include <float.h>
#include <iconv.h>
#include <inttypes.h>
#include <limits.h>
#include <malloc.h>
#include <math.h>
#include <memory.h>
#include <signal.h>
#include <stdarg.h>
#include <stdbool.h>
#include <stddef.h>
#include <stdint.h>
#include <stdio.h>
#include <stdlib.h>
#include <string.h>
#include <strings.h>
#include <sys/types.h>
#include <time.h>
#include <wchar.h>

int main(int argc, char** argv)
{
  (void)argv;
#ifndef strlcpy
  return ((int*)(&strlcpy))[argc];
#else
  (void)argc;
  return 0;
#endif
}
Determining if the strnstr exist failed with the following output:
Change Dir: /home/srenaud/Documents/gam_DL/sdl3-game/build/CMakeFiles/CMakeTmp

Run Build Command(s):/usr/bin/gmake -f Makefile cmTC_a3135/fast && /usr/bin/gmake  -f CMakeFiles/cmTC_a3135.dir/build.make CMakeFiles/cmTC_a3135.dir/build
gmake[1]: Entering directory '/home/srenaud/Documents/gam_DL/sdl3-game/build/CMakeFiles/CMakeTmp'
Building C object CMakeFiles/cmTC_a3135.dir/CheckSymbolExists.c.o
/usr/bin/cc   -D_GNU_SOURCE=1 -std=gnu11 -o CMakeFiles/cmTC_a3135.dir/CheckSymbolExists.c.o -c /home/srenaud/Documents/gam_DL/sdl3-game/build/CMakeFiles/CMakeTmp/CheckSymbolExists.c
/home/srenaud/Documents/gam_DL/sdl3-game/build/CMakeFiles/CMakeTmp/CheckSymbolExists.c: In function ‘main’:
/home/srenaud/Documents/gam_DL/sdl3-game/build/CMakeFiles/CMakeTmp/CheckSymbolExists.c:26:19: error: ‘strnstr’ undeclared (first use in this function); did you mean ‘strstr’?
   26 |   return ((int*)(&strnstr))[argc];
      |                   ^~~~~~~
      |                   strstr
/home/srenaud/Documents/gam_DL/sdl3-game/build/CMakeFiles/CMakeTmp/CheckSymbolExists.c:26:19: note: each undeclared identifier is reported only once for each function it appears in
gmake[1]: *** [CMakeFiles/cmTC_a3135.dir/build.make:78: CMakeFiles/cmTC_a3135.dir/CheckSymbolExists.c.o] Error 1
gmake[1]: Leaving directory '/home/srenaud/Documents/gam_DL/sdl3-game/build/CMakeFiles/CMakeTmp'
gmake: *** [Makefile:127: cmTC_a3135/fast] Error 2


File /home/srenaud/Documents/gam_DL/sdl3-game/build/CMakeFiles/CMakeTmp/CheckSymbolExists.c:
/* */
#include <float.h>
#include <iconv.h>
#include <inttypes.h>
#include <limits.h>
#include <malloc.h>
#include <math.h>
#include <memory.h>
#include <signal.h>
#include <stdarg.h>
#include <stdbool.h>
#include <stddef.h>
#include <stdint.h>
#include <stdio.h>
#include <stdlib.h>
#include <string.h>
#include <strings.h>
#include <sys/types.h>
#include <time.h>
#include <wchar.h>

int main(int argc, char** argv)
{
  (void)argv;
#ifndef strnstr
  return ((int*)(&strnstr))[argc];
#else
  (void)argc;
  return 0;
#endif
}
Determining if the wcslcat exist failed with the following output:
Change Dir: /home/srenaud/Documents/gam_DL/sdl3-game/build/CMakeFiles/CMakeTmp

Run Build Command(s):/usr/bin/gmake -f Makefile cmTC_19304/fast && /usr/bin/gmake  -f CMakeFiles/cmTC_19304.dir/build.make CMakeFiles/cmTC_19304.dir/build
gmake[1]: Entering directory '/home/srenaud/Documents/gam_DL/sdl3-game/build/CMakeFiles/CMakeTmp'
Building C object CMakeFiles/cmTC_19304.dir/CheckSymbolExists.c.o
/usr/bin/cc   -D_GNU_SOURCE=1 -std=gnu11 -o CMakeFiles/cmTC_19304.dir/CheckSymbolExists.c.o -c /home/srenaud/Documents/gam_DL/sdl3-game/build/CMakeFiles/CMakeTmp/CheckSymbolExists.c
/home/srenaud/Documents/gam_DL/sdl3-game/build/CMakeFiles/CMakeTmp/CheckSymbolExists.c: In function ‘main’:
/home/srenaud/Documents/gam_DL/sdl3-game/build/CMakeFiles/CMakeTmp/CheckSymbolExists.c:26:19: error: ‘wcslcat’ undeclared (first use in this function); did you mean ‘wcsncat’?
   26 |   return ((int*)(&wcslcat))[argc];
      |                   ^~~~~~~
      |                   wcsncat
/home/srenaud/Documents/gam_DL/sdl3-game/build/CMakeFiles/CMakeTmp/CheckSymbolExists.c:26:19: note: each undeclared identifier is reported only once for each function it appears in
gmake[1]: *** [CMakeFiles/cmTC_19304.dir/build.make:78: CMakeFiles/cmTC_19304.dir/CheckSymbolExists.c.o] Error 1
gmake[1]: Leaving directory '/home/srenaud/Documents/gam_DL/sdl3-game/build/CMakeFiles/CMakeTmp'
gmake: *** [Makefile:127: cmTC_19304/fast] Error 2


File /home/srenaud/Documents/gam_DL/sdl3-game/build/CMakeFiles/CMakeTmp/CheckSymbolExists.c:
/* */
#include <float.h>
#include <iconv.h>
#include <inttypes.h>
#include <limits.h>
#include <malloc.h>
#include <math.h>
#include <memory.h>
#include <signal.h>
#include <stdarg.h>
#include <stdbool.h>
#include <stddef.h>
#include <stdint.h>
#include <stdio.h>
#include <stdlib.h>
#include <string.h>
#include <strings.h>
#include <sys/types.h>
#include <time.h>
#include <wchar.h>

int main(int argc, char** argv)
{
  (void)argv;
#ifndef wcslcat
  return ((int*)(&wcslcat))[argc];
#else
  (void)argc;
  return 0;
#endif
}
Determining if the wcslcpy exist failed with the following output:
Change Dir: /home/srenaud/Documents/gam_DL/sdl3-game/build/CMakeFiles/CMakeTmp

Run Build Command(s):/usr/bin/gmake -f Makefile cmTC_bb62f/fast && /usr/bin/gmake  -f CMakeFiles/cmTC_bb62f.dir/build.make CMakeFiles/cmTC_bb62f.dir/build
gmake[1]: Entering directory '/home/srenaud/Documents/gam_DL/sdl3-game/build/CMakeFiles/CMakeTmp'
Building C object CMakeFiles/cmTC_bb62f.dir/CheckSymbolExists.c.o
/usr/bin/cc   -D_GNU_SOURCE=1 -std=gnu11 -o CMakeFiles/cmTC_bb62f.dir/CheckSymbolExists.c.o -c /home/srenaud/Documents/gam_DL/sdl3-game/build/CMakeFiles/CMakeTmp/CheckSymbolExists.c
/home/srenaud/Documents/gam_DL/sdl3-game/build/CMakeFiles/CMakeTmp/CheckSymbolExists.c: In function ‘main’:
/home/srenaud/Documents/gam_DL/sdl3-game/build/CMakeFiles/CMakeTmp/CheckSymbolExists.c:26:19: error: ‘wcslcpy’ undeclared (first use in this function); did you mean ‘wcsncpy’?
   26 |   return ((int*)(&wcslcpy))[argc];
      |                   ^~~~~~~
      |                   wcsncpy
/home/srenaud/Documents/gam_DL/sdl3-game/build/CMakeFiles/CMakeTmp/CheckSymbolExists.c:26:19: note: each undeclared identifier is reported only once for each function it appears in
gmake[1]: *** [CMakeFiles/cmTC_bb62f.dir/build.make:78: CMakeFiles/cmTC_bb62f.dir/CheckSymbolExists.c.o] Error 1
gmake[1]: Leaving directory '/home/srenaud/Documents/gam_DL/sdl3-game/build/CMakeFiles/CMakeTmp'
gmake: *** [Makefile:127: cmTC_bb62f/fast] Error 2


File /home/srenaud/Documents/gam_DL/sdl3-game/build/CMakeFiles/CMakeTmp/CheckSymbolExists.c:
/* */
#include <float.h>
#include <iconv.h>
#include <inttypes.h>
#include <limits.h>
#include <malloc.h>
#include <math.h>
#include <memory.h>
#include <signal.h>
#include <stdarg.h>
#include <stdbool.h>
#include <stddef.h>
#include <stdint.h>
#include <stdio.h>
#include <stdlib.h>
#include <string.h>
#include <strings.h>
#include <sys/types.h>
#include <time.h>
#include <wchar.h>

int main(int argc, char** argv)
{
  (void)argv;
#ifndef wcslcpy
  return ((int*)(&wcslcpy))[argc];
#else
  (void)argc;
  return 0;
#endif
}
Determining if the sysctlbyname exist failed with the following output:
Change Dir: /home/srenaud/Documents/gam_DL/sdl3-game/build/CMakeFiles/CMakeTmp

Run Build Command(s):/usr/bin/gmake -f Makefile cmTC_0d532/fast && /usr/bin/gmake  -f CMakeFiles/cmTC_0d532.dir/build.make CMakeFiles/cmTC_0d532.dir/build
gmake[1]: Entering directory '/home/srenaud/Documents/gam_DL/sdl3-game/build/CMakeFiles/CMakeTmp'
Building C object CMakeFiles/cmTC_0d532.dir/CheckSymbolExists.c.o
/usr/bin/cc   -D_GNU_SOURCE=1 -std=gnu11 -o CMakeFiles/cmTC_0d532.dir/CheckSymbolExists.c.o -c /home/srenaud/Documents/gam_DL/sdl3-game/build/CMakeFiles/CMakeTmp/CheckSymbolExists.c
/home/srenaud/Documents/gam_DL/sdl3-game/build/CMakeFiles/CMakeTmp/CheckSymbolExists.c:3:10: fatal error: sys/sysctl.h: No such file or directory
    3 | #include <sys/sysctl.h>
      |          ^~~~~~~~~~~~~~
compilation terminated.
gmake[1]: *** [CMakeFiles/cmTC_0d532.dir/build.make:78: CMakeFiles/cmTC_0d532.dir/CheckSymbolExists.c.o] Error 1
gmake[1]: Leaving directory '/home/srenaud/Documents/gam_DL/sdl3-game/build/CMakeFiles/CMakeTmp'
gmake: *** [Makefile:127: cmTC_0d532/fast] Error 2


File /home/srenaud/Documents/gam_DL/sdl3-game/build/CMakeFiles/CMakeTmp/CheckSymbolExists.c:
/* */
#include <sys/types.h>
#include <sys/sysctl.h>

int main(int argc, char** argv)
{
  (void)argv;
#ifndef sysctlbyname
  return ((int*)(&sysctlbyname))[argc];
#else
  (void)argc;
  return 0;
#endif
}
Determining if the elf_aux_info exist failed with the following output:
Change Dir: /home/srenaud/Documents/gam_DL/sdl3-game/build/CMakeFiles/CMakeTmp

Run Build Command(s):/usr/bin/gmake -f Makefile cmTC_59e47/fast && /usr/bin/gmake  -f CMakeFiles/cmTC_59e47.dir/build.make CMakeFiles/cmTC_59e47.dir/build
gmake[1]: Entering directory '/home/srenaud/Documents/gam_DL/sdl3-game/build/CMakeFiles/CMakeTmp'
Building C object CMakeFiles/cmTC_59e47.dir/CheckSymbolExists.c.o
/usr/bin/cc   -D_GNU_SOURCE=1 -std=gnu11 -o CMakeFiles/cmTC_59e47.dir/CheckSymbolExists.c.o -c /home/srenaud/Documents/gam_DL/sdl3-game/build/CMakeFiles/CMakeTmp/CheckSymbolExists.c
/home/srenaud/Documents/gam_DL/sdl3-game/build/CMakeFiles/CMakeTmp/CheckSymbolExists.c: In function ‘main’:
/home/srenaud/Documents/gam_DL/sdl3-game/build/CMakeFiles/CMakeTmp/CheckSymbolExists.c:8:19: error: ‘elf_aux_info’ undeclared (first use in this function)
    8 |   return ((int*)(&elf_aux_info))[argc];
      |                   ^~~~~~~~~~~~
/home/srenaud/Documents/gam_DL/sdl3-game/build/CMakeFiles/CMakeTmp/CheckSymbolExists.c:8:19: note: each undeclared identifier is reported only once for each function it appears in
gmake[1]: *** [CMakeFiles/cmTC_59e47.dir/build.make:78: CMakeFiles/cmTC_59e47.dir/CheckSymbolExists.c.o] Error 1
gmake[1]: Leaving directory '/home/srenaud/Documents/gam_DL/sdl3-game/build/CMakeFiles/CMakeTmp'
gmake: *** [Makefile:127: cmTC_59e47/fast] Error 2


File /home/srenaud/Documents/gam_DL/sdl3-game/build/CMakeFiles/CMakeTmp/CheckSymbolExists.c:
/* */
#include <sys/auxv.h>

int main(int argc, char** argv)
{
  (void)argv;
#ifndef elf_aux_info
  return ((int*)(&elf_aux_info))[argc];
#else
  (void)argc;
  return 0;
#endif
}
Determining if the posix_spawn_file_actions_addchdir exist failed with the following output:
Change Dir: /home/srenaud/Documents/gam_DL/sdl3-game/build/CMakeFiles/CMakeTmp

Run Build Command(s):/usr/bin/gmake -f Makefile cmTC_10b9b/fast && /usr/bin/gmake  -f CMakeFiles/cmTC_10b9b.dir/build.make CMakeFiles/cmTC_10b9b.dir/build
gmake[1]: Entering directory '/home/srenaud/Documents/gam_DL/sdl3-game/build/CMakeFiles/CMakeTmp'
Building C object CMakeFiles/cmTC_10b9b.dir/CheckSymbolExists.c.o
/usr/bin/cc   -D_GNU_SOURCE=1 -std=gnu11 -o CMakeFiles/cmTC_10b9b.dir/CheckSymbolExists.c.o -c /home/srenaud/Documents/gam_DL/sdl3-game/build/CMakeFiles/CMakeTmp/CheckSymbolExists.c
/home/srenaud/Documents/gam_DL/sdl3-game/build/CMakeFiles/CMakeTmp/CheckSymbolExists.c: In function ‘main’:
/home/srenaud/Documents/gam_DL/sdl3-game/build/CMakeFiles/CMakeTmp/CheckSymbolExists.c:8:19: error: ‘posix_spawn_file_actions_addchdir’ undeclared (first use in this function); did you mean ‘posix_spawn_file_actions_addchdir_np’?
    8 |   return ((int*)(&posix_spawn_file_actions_addchdir))[argc];
      |                   ^~~~~~~~~~~~~~~~~~~~~~~~~~~~~~~~~
      |                   posix_spawn_file_actions_addchdir_np
/home/srenaud/Documents/gam_DL/sdl3-game/build/CMakeFiles/CMakeTmp/CheckSymbolExists.c:8:19: note: each undeclared identifier is reported only once for each function it appears in
gmake[1]: *** [CMakeFiles/cmTC_10b9b.dir/build.make:78: CMakeFiles/cmTC_10b9b.dir/CheckSymbolExists.c.o] Error 1
gmake[1]: Leaving directory '/home/srenaud/Documents/gam_DL/sdl3-game/build/CMakeFiles/CMakeTmp'
gmake: *** [Makefile:127: cmTC_10b9b/fast] Error 2


File /home/srenaud/Documents/gam_DL/sdl3-game/build/CMakeFiles/CMakeTmp/CheckSymbolExists.c:
/* */
#include <spawn.h>

int main(int argc, char** argv)
{
  (void)argv;
#ifndef posix_spawn_file_actions_addchdir
  return ((int*)(&posix_spawn_file_actions_addchdir))[argc];
#else
  (void)argc;
  return 0;
#endif
}
Performing C SOURCE FILE Test ICONV_IN_LIBICONV failed with the following output:
Change Dir: /home/srenaud/Documents/gam_DL/sdl3-game/build/CMakeFiles/CMakeTmp

Run Build Command(s):/usr/bin/gmake -f Makefile cmTC_cff05/fast && /usr/bin/gmake  -f CMakeFiles/cmTC_cff05.dir/build.make CMakeFiles/cmTC_cff05.dir/build
gmake[1]: Entering directory '/home/srenaud/Documents/gam_DL/sdl3-game/build/CMakeFiles/CMakeTmp'
Building C object CMakeFiles/cmTC_cff05.dir/src.c.o
/usr/bin/cc -DICONV_IN_LIBICONV  -D_GNU_SOURCE=1 -std=gnu11 -o CMakeFiles/cmTC_cff05.dir/src.c.o -c /home/srenaud/Documents/gam_DL/sdl3-game/build/CMakeFiles/CMakeTmp/src.c
Linking C executable cmTC_cff05
/usr/bin/cmake -E cmake_link_script CMakeFiles/cmTC_cff05.dir/link.txt --verbose=1
/usr/bin/cc   -D_GNU_SOURCE=1 CMakeFiles/cmTC_cff05.dir/src.c.o -o cmTC_cff05  -liconv 
/usr/bin/ld: cannot find -liconv: No such file or directory
collect2: error: ld returned 1 exit status
gmake[1]: *** [CMakeFiles/cmTC_cff05.dir/build.make:99: cmTC_cff05] Error 1
gmake[1]: Leaving directory '/home/srenaud/Documents/gam_DL/sdl3-game/build/CMakeFiles/CMakeTmp'
gmake: *** [Makefile:127: cmTC_cff05/fast] Error 2


Source file was:

        #include <stddef.h>
        #include <iconv.h>
        int main(int argc, char **argv) {
            return !iconv_open(NULL,NULL);
        }
Performing C SOURCE FILE Test LIBC_HAS_WORKING_LIBUNWIND failed with the following output:
Change Dir: /home/srenaud/Documents/gam_DL/sdl3-game/build/CMakeFiles/CMakeTmp

Run Build Command(s):/usr/bin/gmake -f Makefile cmTC_76948/fast && /usr/bin/gmake  -f CMakeFiles/cmTC_76948.dir/build.make CMakeFiles/cmTC_76948.dir/build
gmake[1]: Entering directory '/home/srenaud/Documents/gam_DL/sdl3-game/build/CMakeFiles/CMakeTmp'
Building C object CMakeFiles/cmTC_76948.dir/src.c.o
/usr/bin/cc -DLIBC_HAS_WORKING_LIBUNWIND  -D_GNU_SOURCE=1 -std=gnu11 -o CMakeFiles/cmTC_76948.dir/src.c.o -c /home/srenaud/Documents/gam_DL/sdl3-game/build/CMakeFiles/CMakeTmp/src.c
/home/srenaud/Documents/gam_DL/sdl3-game/build/CMakeFiles/CMakeTmp/src.c:1:16: fatal error: libunwind.h: No such file or directory
    1 |       #include <libunwind.h>
      |                ^~~~~~~~~~~~~
compilation terminated.
gmake[1]: *** [CMakeFiles/cmTC_76948.dir/build.make:78: CMakeFiles/cmTC_76948.dir/src.c.o] Error 1
gmake[1]: Leaving directory '/home/srenaud/Documents/gam_DL/sdl3-game/build/CMakeFiles/CMakeTmp'
gmake: *** [Makefile:127: cmTC_76948/fast] Error 2


Source file was:
      #include <libunwind.h>
      int main(int argc, char *argv[]) {
        (void)argc; (void)argv;
        unw_context_t context;
        unw_cursor_t cursor;
        unw_word_t pc;
        char sym[256];
        unw_word_t offset;
        unw_getcontext(&context);
        unw_step(&cursor);
        unw_get_reg(&cursor, UNW_REG_IP, &pc);
        unw_get_proc_name(&cursor, sym, sizeof(sym), &offset);
        return 0;
      }
Performing C SOURCE FILE Test LIBUNWIND_HAS_WORKINGLIBUNWIND failed with the following output:
Change Dir: /home/srenaud/Documents/gam_DL/sdl3-game/build/CMakeFiles/CMakeTmp

Run Build Command(s):/usr/bin/gmake -f Makefile cmTC_9e3f2/fast && /usr/bin/gmake  -f CMakeFiles/cmTC_9e3f2.dir/build.make CMakeFiles/cmTC_9e3f2.dir/build
gmake[1]: Entering directory '/home/srenaud/Documents/gam_DL/sdl3-game/build/CMakeFiles/CMakeTmp'
Building C object CMakeFiles/cmTC_9e3f2.dir/src.c.o
/usr/bin/cc -DLIBUNWIND_HAS_WORKINGLIBUNWIND  -D_GNU_SOURCE=1 -std=gnu11 -o CMakeFiles/cmTC_9e3f2.dir/src.c.o -c /home/srenaud/Documents/gam_DL/sdl3-game/build/CMakeFiles/CMakeTmp/src.c
/home/srenaud/Documents/gam_DL/sdl3-game/build/CMakeFiles/CMakeTmp/src.c:1:16: fatal error: libunwind.h: No such file or directory
    1 |       #include <libunwind.h>
      |                ^~~~~~~~~~~~~
compilation terminated.
gmake[1]: *** [CMakeFiles/cmTC_9e3f2.dir/build.make:78: CMakeFiles/cmTC_9e3f2.dir/src.c.o] Error 1
gmake[1]: Leaving directory '/home/srenaud/Documents/gam_DL/sdl3-game/build/CMakeFiles/CMakeTmp'
gmake: *** [Makefile:127: cmTC_9e3f2/fast] Error 2


Source file was:
      #include <libunwind.h>
      int main(int argc, char *argv[]) {
        (void)argc; (void)argv;
        unw_context_t context;
        unw_cursor_t cursor;
        unw_word_t pc;
        char sym[256];
        unw_word_t offset;
        unw_getcontext(&context);
        unw_step(&cursor);
        unw_get_reg(&cursor, UNW_REG_IP, &pc);
        unw_get_proc_name(&cursor, sym, sizeof(sym), &offset);
        return 0;
      }
Determining if the include file pthread_np.h exists failed with the following output:
Change Dir: /home/srenaud/Documents/gam_DL/sdl3-game/build/CMakeFiles/CMakeTmp

Run Build Command(s):/usr/bin/gmake -f Makefile cmTC_633c4/fast && /usr/bin/gmake  -f CMakeFiles/cmTC_633c4.dir/build.make CMakeFiles/cmTC_633c4.dir/build
gmake[1]: Entering directory '/home/srenaud/Documents/gam_DL/sdl3-game/build/CMakeFiles/CMakeTmp'
Building C object CMakeFiles/cmTC_633c4.dir/CheckIncludeFile.c.o
/usr/bin/cc   -D_GNU_SOURCE=1 -D_REENTRANT -pthread -std=gnu11 -o CMakeFiles/cmTC_633c4.dir/CheckIncludeFile.c.o -c /home/srenaud/Documents/gam_DL/sdl3-game/build/CMakeFiles/CMakeTmp/CheckIncludeFile.c
/home/srenaud/Documents/gam_DL/sdl3-game/build/CMakeFiles/CMakeTmp/CheckIncludeFile.c:1:10: fatal error: pthread_np.h: No such file or directory
    1 | #include <pthread_np.h>
      |          ^~~~~~~~~~~~~~
compilation terminated.
gmake[1]: *** [CMakeFiles/cmTC_633c4.dir/build.make:78: CMakeFiles/cmTC_633c4.dir/CheckIncludeFile.c.o] Error 1
gmake[1]: Leaving directory '/home/srenaud/Documents/gam_DL/sdl3-game/build/CMakeFiles/CMakeTmp'
gmake: *** [Makefile:127: cmTC_633c4/fast] Error 2



